Case #1 (1 x 1 of 0 mines):
c
Case #2 (1 x 1 of 1 mines):
*
Case #3 (1 x 2 of 0 mines):
c.
Case #4 (1 x 2 of 1 mines):
c*
Case #5 (1 x 2 of 2 mines):
**
Case #6 (1 x 3 of 0 mines):
c..
Case #7 (1 x 3 of 1 mines):
c.*
Case #8 (1 x 3 of 2 mines):
c**
Case #9 (1 x 3 of 3 mines):
***
Case #10 (2 x 2 of 0 mines):
c.
..
Case #11 (2 x 2 of 1 mines):
Impossible
Case #12 (2 x 2 of 2 mines):
Impossible
Case #13 (2 x 3 of 0 mines):
c..
...
Case #14 (2 x 3 of 1 mines):
Impossible
Case #15 (2 x 3 of 2 mines):
c.*
..*
Case #16 (2 x 3 of 3 mines):
Impossible
Case #17 (2 x 4 of 0 mines):
c...
....
Case #18 (2 x 4 of 1 mines):
Impossible
Case #19 (2 x 4 of 2 mines):
c..*
...*
Case #20 (2 x 4 of 3 mines):
Impossible
Case #21 (2 x 4 of 4 mines):
c.**
..**
Case #22 (2 x 4 of 5 mines):
Impossible
Case #23 (3 x 4 of 0 mines):
c...
....
....
Case #24 (3 x 4 of 1 mines):
c...
....
...*
Case #25 (3 x 4 of 2 mines):
c...
....
..**
Case #26 (3 x 4 of 3 mines):
c..*
...*
...*
Case #27 (3 x 4 of 4 mines):
c..*
...*
..**
Case #28 (3 x 4 of 5 mines):
Impossible
Case #29 (3 x 4 of 6 mines):
c.**
..**
..**
Case #30 (3 x 4 of 7 mines):
Impossible
Case #31 (4 x 5 of 0 mines):
c....
.....
.....
.....
Case #32 (4 x 5 of 1 mines):
c....
.....
.....
....*
Case #33 (4 x 5 of 2 mines):
c....
.....
....*
....*
Case #34 (4 x 5 of 3 mines):
c....
.....
....*
...**
Case #35 (4 x 5 of 4 mines):
c...*
....*
....*
....*
Case #36 (4 x 5 of 5 mines):
c...*
....*
....*
...**
Case #37 (4 x 5 of 6 mines):
c...*
....*
...**
...**
Case #38 (4 x 5 of 7 mines):
c...*
....*
...**
..***
